[0mGET /api/employees [33m404[0m 5.016 ms - 152[0m
[0mGET /api/employees [33m404[0m 1.289 ms - 152[0m
[0mGET /api/employees [33m404[0m 4.864 ms - 152[0m
[0mGET /api/employees [33m404[0m 1.345 ms - 152[0m
[0mGET /api/employees [33m404[0m 0.993 ms - 152[0m
[0mGET /api/employees [32m200[0m 10.827 ms - 26[0m
[0mGET /api/employees [32m200[0m 7.002 ms - 26[0m
[0mGET /favicon.ico [33m404[0m 2.540 ms - 150[0m
[0mGET /api/employees [32m200[0m 6.877 ms - 26[0m
[0mGET /api/employees [32m200[0m 3.351 ms - 26[0m
[0mPOST /api/employees [31m500[0m 4.441 ms - 57[0m
[0mPOST /api/employees [31m500[0m 1.087 ms - 57[0m
[0mPOST /api/employees [31m500[0m 1.076 ms - 57[0m
[0mPOST /api/employees [31m500[0m 1.386 ms - 57[0m
[0mPOST /api/employees [31m500[0m 15.854 ms - 57[0m
[0mPOST /api/employees [32m201[0m 14.095 ms - 125[0m
[0mPOST /api/employees [32m201[0m 7.423 ms - 124[0m
[0mGET /api/employees [32m200[0m 3.868 ms - 228[0m
[0mGET /api/employees [32m200[0m 3.029 ms - 228[0m
[0mPOST /api/employees [32m201[0m 8.322 ms - 124[0m
[0mGET /api/employees [32m200[0m 3.154 ms - 329[0m
[0mPUT /api/employees/3 [32m200[0m 15.456 ms - 124[0m
[0mGET /api/employees [32m200[0m 3.148 ms - 329[0m
[0mPOST /api/employees [32m201[0m 7.059 ms - 124[0m
[0mDELETE /api/employees/4 [32m200[0m 7.870 ms - 25[0m
[0mGET /api/employees [32m200[0m 2.929 ms - 329[0m
[0mGET /api/employees [32m200[0m 2.708 ms - 329[0m
[0mGET /api/employees [36m304[0m 12.689 ms - -[0m
[0mGET /api/employees [36m304[0m 3.201 ms - -[0m
[0mGET /api/employees [32m200[0m 3.109 ms - 26[0m
[0mPOST /api/employees [32m201[0m 120.983 ms - 124[0m
[0mPOST /api/employees [32m201[0m 7.374 ms - 124[0m
[0mPOST /api/employees [32m201[0m 7.772 ms - 154[0m
[0mGET /api/employees [32m200[0m 4.153 ms - 410[0m
[0mGET /api/employees [32m200[0m 6.107 ms - 410[0m
[0mGET /api/employees [36m304[0m 5.687 ms - -[0m
[0mGET /api/employees [36m304[0m 8.084 ms - -[0m
[0mGET /api/employees [36m304[0m 3.253 ms - -[0m
[0mGET /api/employees [36m304[0m 5.238 ms - -[0m
[0mGET /api/employees [36m304[0m 5.327 ms - -[0m
[0mGET /api/employees [36m304[0m 2.991 ms - -[0m
[0mGET /api/employees [36m304[0m 3.129 ms - -[0m
[0mGET /api/employees [36m304[0m 3.992 ms - -[0m
[0mGET /api/employees [36m304[0m 4.351 ms - -[0m
[0mGET /api/employees [36m304[0m 2.992 ms - -[0m
[0mGET /api/employees [36m304[0m 4.306 ms - -[0m
[0mGET /api/employees [36m304[0m 4.521 ms - -[0m
[0mGET /api/employees [36m304[0m 4.382 ms - -[0m
[0mGET /api/employees [36m304[0m 3.282 ms - -[0m
[0mGET /api/employees [36m304[0m 3.620 ms - -[0m
[0mGET /api/employees [36m304[0m 2.770 ms - -[0m
[0mGET /api/employees [36m304[0m 17.446 ms - -[0m
[0mGET /api/employees [36m304[0m 4.655 ms - -[0m
[0mGET /api/employees [36m304[0m 3.377 ms - -[0m
[0mGET /api/employees [36m304[0m 3.919 ms - -[0m
[0mGET /api/employees [36m304[0m 3.884 ms - -[0m
[0mGET /api/employees [36m304[0m 3.627 ms - -[0m
[0mGET /api/employees [36m304[0m 3.266 ms - -[0m
[0mGET /api/employees [36m304[0m 3.451 ms - -[0m
[0mGET /api/employees [32m200[0m 24.310 ms - 302[0m
[0mOPTIONS /api/employees/3 [32m204[0m 1.094 ms - 0[0m
[0mDELETE /api/employees/3 [32m200[0m 10.091 ms - 25[0m
[0mGET /api/employees [32m200[0m 3.584 ms - 171[0m
[0mOPTIONS /api/employees [32m204[0m 0.372 ms - 0[0m
[0mPOST /api/employees [32m201[0m 36.162 ms - 166[0m
[0mGET /api/employees [32m200[0m 3.679 ms - 312[0m
[0mOPTIONS /api/employees [32m204[0m 0.199 ms - 0[0m
[0mPOST /api/employees [32m201[0m 9.209 ms - 165[0m
[0mGET /api/employees [32m200[0m 3.740 ms - 452[0m
[0mOPTIONS /api/employees [32m204[0m 1.944 ms - 0[0m
[0mOPTIONS /api/employees [32m204[0m 0.336 ms - 0[0m
[0mPOST /api/employees [32m201[0m 51.979 ms - 151[0m
[0mPOST /api/employees [32m201[0m 32.270 ms - 152[0m
[0mGET /api/employees [32m200[0m 12.377 ms - 705[0m
[0mGET /api/employees [36m304[0m 13.479 ms - -[0m
[0mOPTIONS /api/employees/10 [32m204[0m 0.269 ms - 0[0m
[0mDELETE /api/employees/10 [32m200[0m 17.755 ms - 25[0m
[0mDELETE /api/employees/10 [32m200[0m 16.840 ms - 25[0m
[0mGET /api/employees [32m200[0m 3.623 ms - 578[0m
[0mOPTIONS /api/employees/9 [32m204[0m 0.240 ms - 0[0m
[0mDELETE /api/employees/9 [32m200[0m 14.559 ms - 25[0m
[0mDELETE /api/employees/9 [32m200[0m 15.164 ms - 25[0m
[0mGET /api/employees [32m200[0m 4.274 ms - 452[0m
[0mOPTIONS /api/employees/8 [32m204[0m 0.222 ms - 0[0m
[0mDELETE /api/employees/8 [32m200[0m 9.966 ms - 25[0m
[0mDELETE /api/employees/8 [32m200[0m 10.192 ms - 25[0m
[0mGET /api/employees [32m200[0m 3.508 ms - 312[0m
[0mOPTIONS /api/employees/7 [32m204[0m 0.225 ms - 0[0m
[0mDELETE /api/employees/7 [32m200[0m 14.702 ms - 25[0m
[0mDELETE /api/employees/7 [32m200[0m 15.481 ms - 25[0m
[0mGET /api/employees [32m200[0m 3.082 ms - 171[0m
[0mOPTIONS /api/employees/4 [32m204[0m 0.290 ms - 0[0m
[0mOPTIONS /api/employees/4 [32m204[0m 0.228 ms - 0[0m
[0mDELETE /api/employees/4 [32m200[0m 14.619 ms - 25[0m
[0mDELETE /api/employees/4 [32m200[0m 12.627 ms - 25[0m
[0mGET /api/employees [32m200[0m 3.540 ms - 26[0m
[0mGET /api/employees [36m304[0m 10.149 ms - -[0m
[0mOPTIONS /api/employees [32m204[0m 0.248 ms - 0[0m
[0mPOST /api/employees [32m201[0m 16.384 ms - 148[0m
[0mPOST /api/employees [32m201[0m 24.193 ms - 148[0m
[0mGET /api/employees [32m200[0m 4.551 ms - 251[0m
[0mGET /api/employees [32m200[0m 2.995 ms - 251[0m
[0mGET /api/employees [36m304[0m 6.607 ms - -[0m
[0mGET /api/employees [36m304[0m 3.461 ms - -[0m
[0mGET /api/employees [36m304[0m 3.773 ms - -[0m
[0mGET /api/employees [36m304[0m 3.039 ms - -[0m
[0mGET /api/employees [36m304[0m 7.458 ms - -[0m
[0mGET /api/employees [36m304[0m 4.430 ms - -[0m
[0mGET /api/employees [36m304[0m 4.668 ms - -[0m
[0mGET /api/employees [36m304[0m 3.120 ms - -[0m
[0mGET /api/employees [36m304[0m 3.008 ms - -[0m
[0mGET /api/employees [36m304[0m 2.748 ms - -[0m
[0mGET /api/employees [36m304[0m 3.580 ms - -[0m
[0mGET /api/employees [36m304[0m 3.544 ms - -[0m
[0mGET /api/employees [36m304[0m 3.131 ms - -[0m
[0mGET /api/employees [36m304[0m 3.776 ms - -[0m
[0mGET /api/employees [36m304[0m 3.050 ms - -[0m
[0mGET /api/employees [36m304[0m 3.217 ms - -[0m
[0mGET /api/employees [36m304[0m 3.503 ms - -[0m
[0mGET /api/employees [36m304[0m 6.356 ms - -[0m
[0mGET /api/employees [36m304[0m 22.076 ms - -[0m
[0mOPTIONS /api/employees [32m204[0m 0.408 ms - 0[0m
[0mPOST /api/employees [32m201[0m 16.032 ms - 156[0m
[0mPOST /api/employees [32m201[0m 28.366 ms - 156[0m
[0mGET /api/employees [32m200[0m 10.817 ms - 513[0m
[0mGET /api/employees [32m200[0m 3.278 ms - 513[0m
[0mPOST /api/employees [32m201[0m 14.776 ms - 143[0m
[0mPOST /api/employees [32m201[0m 25.217 ms - 143[0m
[0mGET /api/employees [32m200[0m 9.454 ms - 729[0m
[0mGET /api/employees [32m200[0m 4.425 ms - 729[0m
[0mGET /api/employees [36m304[0m 3.623 ms - -[0m
[0mGET /api/employees [36m304[0m 3.220 ms - -[0m
[0mGET /api/employees [36m304[0m 6.454 ms - -[0m
[0mGET /api/employees [36m304[0m 4.760 ms - -[0m
[0mGET /api/employees [36m304[0m 3.339 ms - -[0m
[0mGET /api/employees [36m304[0m 3.134 ms - -[0m
[0mGET /api/employees [36m304[0m 3.245 ms - -[0m
[0mGET /api/employees [36m304[0m 3.045 ms - -[0m
[0mGET /api/employees [36m304[0m 5.015 ms - -[0m
[0mOPTIONS /api/employees/11 [32m204[0m 0.251 ms - 0[0m
[0mDELETE /api/employees/11 [32m200[0m 9.691 ms - 25[0m
[0mGET /api/employees [32m200[0m 4.122 ms - 616[0m
[0mOPTIONS /api/employees/12 [32m204[0m 0.213 ms - 0[0m
[0mDELETE /api/employees/12 [32m200[0m 10.448 ms - 25[0m
[0mGET /api/employees [32m200[0m 3.389 ms - 503[0m
[0mOPTIONS /api/employees/13 [32m204[0m 0.221 ms - 0[0m
[0mDELETE /api/employees/13 [32m200[0m 13.815 ms - 25[0m
[0mGET /api/employees [32m200[0m 2.776 ms - 372[0m
[0mOPTIONS /api/employees/14 [32m204[0m 0.251 ms - 0[0m
[0mDELETE /api/employees/14 [32m200[0m 15.401 ms - 25[0m
[0mGET /api/employees [32m200[0m 2.802 ms - 241[0m
[0mOPTIONS /api/employees/15 [32m204[0m 0.356 ms - 0[0m
[0mDELETE /api/employees/15 [32m200[0m 11.687 ms - 25[0m
[0mGET /api/employees [32m200[0m 3.433 ms - 133[0m
[0mOPTIONS /api/employees/16 [32m204[0m 0.258 ms - 0[0m
[0mDELETE /api/employees/16 [32m200[0m 12.504 ms - 25[0m
[0mGET /api/employees [32m200[0m 2.774 ms - 26[0m
[0mOPTIONS /api/employees [32m204[0m 0.265 ms - 0[0m
[0mPOST /api/employees [32m201[0m 13.659 ms - 155[0m
[0mGET /api/employees [32m200[0m 3.442 ms - 155[0m
[0mOPTIONS /api/employees [32m204[0m 0.202 ms - 0[0m
[0mPOST /api/employees [32m201[0m 14.215 ms - 156[0m
[0mGET /api/employees [32m200[0m 3.409 ms - 286[0m
[0mOPTIONS /api/employees/18 [32m204[0m 0.230 ms - 0[0m
[0mDELETE /api/employees/18 [32m200[0m 13.326 ms - 25[0m
[0mGET /api/employees [32m200[0m 3.764 ms - 155[0m
[0mOPTIONS /api/employees/17 [32m204[0m 0.216 ms - 0[0m
[0mDELETE /api/employees/17 [32m200[0m 9.658 ms - 25[0m
[0mGET /api/employees [32m200[0m 2.527 ms - 26[0m
[0mGET /api/employees [36m304[0m 3.442 ms - -[0m
[0mGET /api/employees [36m304[0m 7.245 ms - -[0m
[0mOPTIONS /api/employees [32m204[0m 0.183 ms - 0[0m
[0mPOST /api/employees [32m201[0m 12.619 ms - 168[0m
[0mGET /api/employees [32m200[0m 3.275 ms - 168[0m
[0mOPTIONS /api/employees/19 [32m204[0m 0.174 ms - 0[0m
[0mPUT /api/employees/19 [32m200[0m 21.411 ms - 167[0m
[0mGET /api/employees [32m200[0m 4.867 ms - 169[0m
[0mGET /api/employees [36m304[0m 7.089 ms - -[0m
[0mOPTIONS /api/employees [32m204[0m 0.201 ms - 0[0m
[0mPOST /api/employees [32m201[0m 13.752 ms - 155[0m
[0mGET /api/employees [32m200[0m 3.228 ms - 299[0m
[0mOPTIONS /api/employees/20 [32m204[0m 0.243 ms - 0[0m
[0mDELETE /api/employees/20 [32m200[0m 11.565 ms - 25[0m
[0mGET /api/employees [32m200[0m 2.870 ms - 169[0m
[0mOPTIONS /api/employees/19 [32m204[0m 0.176 ms - 0[0m
[0mPUT /api/employees/19 [32m200[0m 14.431 ms - 168[0m
[0mGET /api/employees [32m200[0m 2.790 ms - 170[0m
[0mDELETE /api/employees/19 [32m200[0m 11.387 ms - 25[0m
[0mGET /api/employees [32m200[0m 2.553 ms - 26[0m
[0mOPTIONS /api/employees [32m204[0m 0.208 ms - 0[0m
[0mPOST /api/employees [32m201[0m 13.422 ms - 143[0m
[0mGET /api/employees [32m200[0m 3.301 ms - 133[0m
[0mOPTIONS /api/employees [32m204[0m 0.186 ms - 0[0m
[0mPOST /api/employees [32m201[0m 12.667 ms - 157[0m
[0mGET /api/employees [32m200[0m 4.088 ms - 265[0m
[0mOPTIONS /api/employees [32m204[0m 0.222 ms - 0[0m
[0mPOST /api/employees [32m201[0m 17.961 ms - 143[0m
[0mGET /api/employees [32m200[0m 7.909 ms - 373[0m
